<?xml version="1.0" encoding="UTF-8"?>
<!-- Generated by org.testng.reporters.JUnitReportReporter -->
<testsuite hostname="DESKTOP-LH6HQJ9" failures="0" tests="1" name="dhiru.ranchi.india.TestGoogleWebSite" time="16.294" errors="0" timestamp="2023-09-22T15:45:09 IST" skipped="0">
  <testcase classname="dhiru.ranchi.india.TestGoogleWebSite" name="launchgoogle" time="16.294"/>
  <system-out/>
</testsuite> <!-- dhiru.ranchi.india.TestGoogleWebSite -->
